<?xml version="1.0" encoding="UTF-8"?>
<!-- Generated by org.testng.reporters.JUnitReportReporter -->
<testsuite hostname="LAPTOP-2L0H9H2J" failures="0" tests="1" name="tests.UserMenuTest" time="54.555" errors="0" timestamp="2024-05-11T14:38:15 EDT" skipped="0">
  <testcase classname="tests.UserMenuTest" name="verifyMyProfile_TC06" time="54.555"/>
</testsuite> <!-- tests.UserMenuTest -->
