<?xml version="1.0" encoding="UTF-8"?>
<!-- Generated by org.testng.reporters.JUnitReportReporter -->
<testsuite hostname="LAPTOP-2L0H9H2J" failures="0" tests="2" name="tests.LoginPageTest" time="17.479" errors="0" timestamp="2024-05-11T14:02:09 EDT" skipped="0">
  <testcase classname="tests.LoginPageTest" name="verifyLoginWithCorrectCredentials1" time="13.360"/>
  <testcase classname="tests.LoginPageTest" name="verifyWrongCrendentials" time="4.119"/>
</testsuite> <!-- tests.LoginPageTest -->
