<?xml version="1.0" encoding="UTF-8"?>
<!-- Generated by org.testng.reporters.JUnitReportReporter -->
<testsuite hostname="LAPTOP-2L0H9H2J" failures="0" tests="2" name="tests.LoginPageTest" time="19.676" errors="0" timestamp="2024-05-06T17:22:12 EDT" skipped="0">
  <testcase classname="tests.LoginPageTest" name="verifyLoginWithCorrectCredentials1" time="14.113"/>
  <testcase classname="tests.LoginPageTest" name="verifyWrongCrendentials" time="5.563"/>
</testsuite> <!-- tests.LoginPageTest -->
